Virtual User Script started at : 2019/9/19 19:00:27
Starting action vuser_init.
Web Turbo Replay of LoadRunner 12.0.0 for Windows 7; build 2739 (Nov 30 2014 23:13:05)  	[MsgId: MMSG-27143]
Run mode: HTML  	[MsgId: MMSG-26993]
Run-Time Settings file: "D:\lrScript\hmcMps\\default.cfg"  	[MsgId: MMSG-27141]
Ending action vuser_init.
Running Vuser...
Starting iteration 1.
Maximum number of concurrent connections per server: 6  	[MsgId: MMSG-26989]
Starting action Action.
Action.c(4): web_url("login.html") started  	[MsgId: MMSG-26355]
Action.c(4): Found resource "http://mps-test.haomaiche.com/resources/js/jquery-1.8.0.min.js" in HTML "http://mps-test.haomaiche.com/fs/login.html"  	[MsgId: MMSG-26659]
Action.c(4): Found resource "http://mps-test.haomaiche.com/resources/js/easyui-1.3.2/themes/default/easyui.css" in HTML "http://mps-test.haomaiche.com/fs/login.html"  	[MsgId: MMSG-26659]
Action.c(4): Found resource "http://mps-test.haomaiche.com/resources/js/easyui-1.3.2/themes/icon.css" in HTML "http://mps-test.haomaiche.com/fs/login.html"  	[MsgId: MMSG-26659]
Action.c(4): Found resource "http://mps-test.haomaiche.com/resources/css/base.css" in HTML "http://mps-test.haomaiche.com/fs/login.html"  	[MsgId: MMSG-26659]
Action.c(4): Found resource "http://mps-test.haomaiche.com/resources/js/jquery.easyui.min.js" in HTML "http://mps-test.haomaiche.com/fs/login.html"  	[MsgId: MMSG-26659]
Action.c(4): Found resource "http://mps-test.haomaiche.com/resources/js/easyui-1.3.2/locale/easyui-lang-zh_CN.js" in HTML "http://mps-test.haomaiche.com/fs/login.html"  	[MsgId: MMSG-26659]
Action.c(4): Found resource "http://mps-test.haomaiche.com/resources/js/jquery-capsLockTip.js" in HTML "http://mps-test.haomaiche.com/fs/login.html"  	[MsgId: MMSG-26659]
Action.c(4): Found resource "http://mps-test.haomaiche.com/fs/fs/js/mobileLogin.js?v=1.3" in HTML "http://mps-test.haomaiche.com/fs/login.html"  	[MsgId: MMSG-26659]
Action.c(4): Downloading resource "http://mps-test.haomaiche.com/resources/js/easyui-1.3.2/themes/default/images/panel_tools.png" (specified by argument number 9)  	[MsgId: MMSG-26577]
Action.c(4): Downloading resource "http://mps-test.haomaiche.com/resources/js/easyui-1.3.2/themes/default/images/blank.gif" (specified by argument number 11)  	[MsgId: MMSG-26577]
Action.c(4): Found resource "http://mps-test.haomaiche.com/resources/images/admin/login.png" in HTML "http://mps-test.haomaiche.com/fs/login.html"  	[MsgId: MMSG-26659]
Action.c(4): Found resource "http://mps-test.haomaiche.com/resources/images/admin/reset.png" in HTML "http://mps-test.haomaiche.com/fs/login.html"  	[MsgId: MMSG-26659]
Action.c(4): Found resource "http://mps-test.haomaiche.com/resources/images/admin/logo_1.png" in HTML "http://mps-test.haomaiche.com/fs/login.html"  	[MsgId: MMSG-26659]
Action.c(4): Found resource "http://mps-test.haomaiche.com/resources/images/admin/IOS_dealer_110.png" in HTML "http://mps-test.haomaiche.com/fs/login.html"  	[MsgId: MMSG-26659]
Action.c(4): Found resource "http://mps-test.haomaiche.com/resources/images/admin/android_dealer_110.png" in HTML "http://mps-test.haomaiche.com/fs/login.html"  	[MsgId: MMSG-26659]
Action.c(4): web_url("login.html") was successful, 471524 body bytes, 3182 header bytes  	[MsgId: MMSG-26386]
Action.c(16): web_url("fsEmploy.do") started  	[MsgId: MMSG-26355]
Action.c(16): Downloading resource "http://www.bing.com/favicon.ico" (specified by argument number 9)  	[MsgId: MMSG-26577]
Action.c(16): web_url("fsEmploy.do") was successful, 13116 body bytes, 609 header bytes, 28 chunking overhead bytes  	[MsgId: MMSG-26385]
Action.c(29): web_url("fsEmploy.do_2") started  	[MsgId: MMSG-26355]
Action.c(29): web_url("fsEmploy.do_2") was successful, 103 body bytes, 269 header bytes, 11 chunking overhead bytes  	[MsgId: MMSG-26385]
Action.c(40): web_url("fsEmploy.do_3") started  	[MsgId: MMSG-26355]
Action.c(40): web_url("fsEmploy.do_3") was successful, 13 body bytes, 269 header bytes, 10 chunking overhead bytes  	[MsgId: MMSG-26385]
Action.c(49): web_submit_data("fsEmploy.do_4") started  	[MsgId: MMSG-26355]
Action.c(49): web_submit_data("fsEmploy.do_4") was successful, 46 body bytes, 444 header bytes, 11 chunking overhead bytes  	[MsgId: MMSG-26385]
Action.c(63): web_url("fsEmploy.do_5") started  	[MsgId: MMSG-26355]
Action.c(63): Redirecting "http://mps-test.haomaiche.com/fs/fs/fsEmploy.do?method=index" (redirection depth is 0)  	[MsgId: MMSG-26694]
Action.c(63): To location "http://mps-test.haomaiche.com/fs/index.html"  	[MsgId: MMSG-26693]
Action.c(63): Found resource "http://mps-test.haomaiche.com/resources/js/easyui-1.3.2/themes/gray/easyui.css" in HTML "http://mps-test.haomaiche.com/fs/index.html"  	[MsgId: MMSG-26659]
Action.c(63): Resource "http://mps-test.haomaiche.com/resources/js/easyui-1.3.2/themes/icon.css" is in the cache already and will not be downloaded again  	[MsgId: MMSG-26655]
Action.c(63): Resource "http://mps-test.haomaiche.com/resources/css/base.css" is in the cache already and will not be downloaded again  	[MsgId: MMSG-26655]
Action.c(63): Found resource "http://mps-test.haomaiche.com/resources/js/jquery-1.7.2.js" in HTML "http://mps-test.haomaiche.com/fs/index.html"  	[MsgId: MMSG-26659]
Action.c(63): Resource "http://mps-test.haomaiche.com/resources/js/jquery.easyui.min.js" is in the cache already and will not be downloaded again  	[MsgId: MMSG-26655]
Action.c(63): Resource "http://mps-test.haomaiche.com/resources/js/easyui-1.3.2/locale/easyui-lang-zh_CN.js" is in the cache already and will not be downloaded again  	[MsgId: MMSG-26655]
Action.c(63): Resource "http://mps-test.haomaiche.com/resources/js/jquery-capsLockTip.js" is in the cache already and will not be downloaded again  	[MsgId: MMSG-26655]
Action.c(63): Downloading resource "https://c.cnzz.com/core.php?web_id=1262932335&t=z" (specified by argument number 9)  	[MsgId: MMSG-26577]
Action.c(63): Downloading resource "https://cnzz.mmstat.com/9.gif?abc=1&rnd=1903752157" (specified by argument number 12)  	[MsgId: MMSG-26577]
Action.c(63): Found resource "http://mps-test.haomaiche.com/resources/js/common.js" in HTML "http://mps-test.haomaiche.com/fs/index.html"  	[MsgId: MMSG-26659]
Action.c(63): Found resource "http://mps-test.haomaiche.com/fs/fs/js/index.js?v=1.7" in HTML "http://mps-test.haomaiche.com/fs/index.html"  	[MsgId: MMSG-26659]
Action.c(63): Found resource "http://mps-test.haomaiche.com/resources/js/jQuery-jcMarquee.js" in HTML "http://mps-test.haomaiche.com/fs/index.html"  	[MsgId: MMSG-26659]
Action.c(63): Found resource "https://s13.cnzz.com/z_stat.php?id=1262932335&web_id=1262932335" in HTML "http://mps-test.haomaiche.com/fs/index.html"  	[MsgId: MMSG-26659]
Action.c(63): Found resource "http://mps-test.haomaiche.com/resources/images/logo_1.png" in HTML "http://mps-test.haomaiche.com/fs/index.html"  	[MsgId: MMSG-26659]
Action.c(63): Detected non-resource "http://mps-test.haomaiche.com/fs/fs/fsAskPrice.html" in "http://mps-test.haomaiche.com/fs/index.html"  	[MsgId: MMSG-26574]
Action.c(63): ssl_handle_status encounter error : SSL_ERROR_SSL, error message : error:14077410:SSL routines:SSL23_GET_SERVER_HELLO:sslv3 alert handshake failure  	[MsgId: MMSG-26000]
Action.c(63): Warning -27776: SSL protocol error when attempting to connect with host "c.cnzz.com"  	[MsgId: MWAR-27776]
Action.c(63): Warning -27762: Request "https://c.cnzz.com/core.php?web_id=1262932335&t=z" failed  	[MsgId: MWAR-27762]
Action.c(63): Warning -27778: [GENERAL_MSG_CAT_SSL_ERROR]connect to host "cnzz.mmstat.com" failed: [10054] Connection reset by peer  	[MsgId: MWAR-27778]
Action.c(63): ssl_handle_status encounter error : SSL_ERROR_SSL, error message : error:14077410:SSL routines:SSL23_GET_SERVER_HELLO:sslv3 alert handshake failure  	[MsgId: MMSG-26000]
Action.c(63): Warning -27776: SSL protocol error when attempting to connect with host "s13.cnzz.com"  	[MsgId: MWAR-27776]
Action.c(63): Warning -27762: Request "https://s13.cnzz.com/z_stat.php?id=1262932335&web_id=1262932335" failed  	[MsgId: MWAR-27762]
Action.c(63): Found resource "http://mps-test.haomaiche.com/resources/js/jquery.countdown.js" in HTML "http://mps-test.haomaiche.com/fs/fs/fsAskPrice.html"  	[MsgId: MMSG-26659]
Action.c(63): Found resource "http://mps-test.haomaiche.com/resources/js/selectTool.js?v=2.7" in HTML "http://mps-test.haomaiche.com/fs/fs/fsAskPrice.html"  	[MsgId: MMSG-26659]
Action.c(63): Found resource "http://mps-test.haomaiche.com/fs/fs/js/fsAskPrice.js?v=1.0" in HTML "http://mps-test.haomaiche.com/fs/fs/fsAskPrice.html"  	[MsgId: MMSG-26659]
Action.c(63): web_url("fsEmploy.do_5") highest severity level was "warning", 392643 body bytes, 2528 header bytes  	[MsgId: MMSG-26388]
Action.c(78): web_url("fsEmploy.do_6") started  	[MsgId: MMSG-26355]
Action.c(78): web_url("fsEmploy.do_6") was successful, 237 body bytes, 269 header bytes, 11 chunking overhead bytes  	[MsgId: MMSG-26385]
Action.c(87): web_url("fsRespond.do") started  	[MsgId: MMSG-26355]
Action.c(87): web_url("fsRespond.do") was successful, 50 body bytes, 269 header bytes, 11 chunking overhead bytes  	[MsgId: MMSG-26385]
Ending action Action.
Ending iteration 1.
Ending Vuser...
Starting action vuser_end.
Ending action vuser_end.
Vuser Terminated.
